<?xml version="1.0" encoding="UTF-8"?>
<testsuite name="CoordinateTest" tests="5" skipped="0" failures="0" errors="0" timestamp="2021-07-20T13:29:44" hostname="LENOVOPORTATILE" time="0.044">
  <properties/>
  <testcase name="testFifthConstructor" classname="CoordinateTest" time="0.015"/>
  <testcase name="testFirstConstructor" classname="CoordinateTest" time="0.011"/>
  <testcase name="testSecondConstructor" classname="CoordinateTest" time="0.005"/>
  <testcase name="testFourthConstructor" classname="CoordinateTest" time="0.005"/>
  <testcase name="testThirdConstructor" classname="CoordinateTest" time="0.005"/>
  <system-out><![CDATA[]]></system-out>
  <system-err><![CDATA[]]></system-err>
</testsuite>
